STEP to UG
! INFO-     NX STEP AP203 - V11.0
! INFO-      
! INFO-     Start of Translation: 30-MAY-2017  5:44:14 PM
! INFO-      
! STATUS-   Converting Part: F:\UMD\Balloon Payload\Rocksat\STARduino\STAR\CAD\Mechanical\STEP Files\RockSat-X Deck Plate 2017 HERMES and STAR Bolt Pattern.stp
! SUMMARY-   
! SUMMARY-    STEP Header Information
! SUMMARY-   
! SUMMARY-  Description      Unknown
! SUMMARY-  Imp_Level        2;1
! SUMMARY-  File_Name        C:\Users\Pierce\Documents\College\Rocksat X 2017\Saving the hermes team\RockSat-X Deck Plate 2017 HERMES and STAR Bolt Pattern.stp
! SUMMARY-  Date             2017-05-30T16:23:16-04:00
! SUMMARY-  Author           Pierce
! SUMMARY-  Organization     Unknown
! SUMMARY-  Pre_Version      ST-DEVELOPER v16.13
! SUMMARY-  Orig_System      Autodesk Inventor 2018
! SUMMARY-  Authorization    Unknown
! SUMMARY-  Schema_ID        automotive_design
! SUMMARY-   
! SUMMARY-    Summary of STEP Entities
! SUMMARY-   
! SUMMARY-  Entity Type                                                   Count
! SUMMARY-  -----------                                                   ------
! SUMMARY-  advanced_brep_shape_representation .........................:      1
! SUMMARY-  advanced_face ..............................................:    123
! SUMMARY-  application_context ........................................:      1
! SUMMARY-  application_protocol_definition ............................:      1
! SUMMARY-  axis2_placement_3d .........................................:    310
! SUMMARY-  calendar_date ..............................................:      1
! SUMMARY-  cartesian_point ............................................:    526
! SUMMARY-  circle .....................................................:    186
! SUMMARY-  closed_shell ...............................................:      1
! SUMMARY-  conical_surface ............................................:     42
! SUMMARY-  conversion_based_unit_and_length_unit ......................:      1
! SUMMARY-  coordinated_universal_time_offset ..........................:      1
! SUMMARY-  cylindrical_surface ........................................:     72
! SUMMARY-  date_and_time ..............................................:      1
! SUMMARY-  date_time_role .............................................:      1
! SUMMARY-  dimensional_exponents ......................................:      1
! SUMMARY-  direction ..................................................:    642
! SUMMARY-  edge_curve .................................................:    208
! SUMMARY-  edge_loop ..................................................:    348
! SUMMARY-  face_bound .................................................:    225
! SUMMARY-  face_outer_bound ...........................................:    123
! SUMMARY-  geometric_representation_context_and_global_uncertainty_a ..:      2
! SUMMARY-  length_measure_with_unit ...................................:      1
! SUMMARY-  length_unit_and_si_unit ....................................:      2
! SUMMARY-  line .......................................................:     22
! SUMMARY-  local_time .................................................:      1
! SUMMARY-  manifold_solid_brep ........................................:      1
! SUMMARY-  mass_unit ..................................................:      1
! SUMMARY-  oriented_edge ..............................................:    416
! SUMMARY-  plane ......................................................:      9
! SUMMARY-  plane_angle_unit_and_si_unit ...............................:      1
! SUMMARY-  product ....................................................:      1
! SUMMARY-  product_context ............................................:      1
! SUMMARY-  product_definition .........................................:      1
! SUMMARY-  product_definition_context .................................:      1
! SUMMARY-  product_definition_formation ...............................:      1
! SUMMARY-  product_definition_shape ...................................:      1
! SUMMARY-  product_related_product_category ...........................:      1
! SUMMARY-  property_definition ........................................:      2
! SUMMARY-  property_definition_representation .........................:      2
! SUMMARY-  representation .............................................:      2
! SUMMARY-  shape_definition_representation ............................:      1
! SUMMARY-  shape_representation .......................................:      1
! SUMMARY-  shape_representation_relationship ..........................:      1
! SUMMARY-  si_unit_and_solid_angle_unit ...............................:      1
! SUMMARY-  uncertainty_measure_with_unit ..............................:      2
! SUMMARY-  vector .....................................................:     22
! SUMMARY-  vertex_point ...............................................:    194
! SUMMARY-                                                               -------
! SUMMARY-  Total                                                           3506
! STATUS-    
! STATUS-   Converting to Output Form (Phase 2 of 3): 30-MAY-2017 5:44:14 PM
! STATUS-    
! STATUS-    
! STATUS-   Generating UG geometry and placing them in parts
! STATUS-    
! STATUS-   Creating the UG part (Phase 3 of 3): 30-MAY-2017  5:44:14 PM
! STATUS-    
! STATUS-   Creating UG solid body from Input Ent Id 14
! STATUS-    
! STATUS-   simplifying Bsplines to analytics
! STATUS-    
! STATUS-   converting tolerant edges into exact edges
! STATUS-    
! STATUS-   doing final check of body to report any faults
! STATUS-    
! INFO-     Filing Part ..: F:\UMD\Balloon Payload\Rocksat\STARduino\STAR\CAD\Mechanical\STEP Files\RockSat-X Deck Plate 2017 HERMES and STAR Bolt Pattern_stp.prt
! SUMMARY-   
! SUMMARY-  Summary of Unigraphics Part Entities
! SUMMARY-   
! SUMMARY-  Entities Processed             Count
! SUMMARY-  ------------------             -----
! SUMMARY-  Solid .......................:     1
! SUMMARY-                                 -----
! SUMMARY-  Total                              1
! INFO-      
! INFO-     Total number of solids input for this translation       :         1
! INFO-      
! INFO-     Number of solids created without body validation faults :         1
! INFO-      
! INFO-     Number of solids created with body validation fault(s)  :         0
! INFO-      
! INFO-     Number of solids ending up as sheet bodies              :         0
! INFO-      
! INFO-     End of Translation: 30-MAY-2017  5:44:21 PM
! INFO-      
